<?xml version="1.0" encoding="UTF-8"?>
<!-- Generated by org.testng.reporters.JUnitXMLReporter -->
<testsuite hostname="a5-PC" ignored="0" name="Dependency test" tests="4" failures="1" timestamp="07 Apr 2019 07:12:34 GMT" time="0.031" errors="0">
  <testcase name="m1" time="0.003" classname="beta.TC">
    <failure type="java.lang.AssertionError" message="unable to register">
      <![CDATA[java.lang.AssertionError: unable to register
at beta.TC.m1(TC.java:13)
... Removed 26 stack frames]]>
    </failure>
  </testcase> <!-- m1 -->
  <testcase name="m2" time="0.003" classname="beta.TC"/>
  <testcase name="m3" time="0.003" classname="beta.TC"/>
  <testcase name="m4" time="0.0" classname="beta.TC">
    <skipped/>
  </testcase> <!-- m4 -->
</testsuite> <!-- Dependency test -->
