<?xml version="1.0" encoding="UTF-8"?>
<!-- Generated by org.testng.reporters.JUnitXMLReporter -->
<testsuite hostname="a5-PC" ignored="0" name="login" tests="2" failures="2" timestamp="14 Apr 2019 11:14:22 GMT" time="7.334" errors="0">
  <testcase name="m1" time="6.416" classname="OnFail.Tests">
    <failure type="java.lang.AssertionError" message="null">
      <![CDATA[java.lang.AssertionError: null
at OnFail.Tests.m1(Tests.java:18)
... Removed 27 stack frames]]>
    </failure>
  </testcase> <!-- m1 -->
  <testcase name="m2" time="0.126" classname="OnFail.Tests">
    <failure type="java.lang.AssertionError" message="null">
      <![CDATA[java.lang.AssertionError: null
at OnFail.Tests.m2(Tests.java:26)
... Removed 27 stack frames]]>
    </failure>
  </testcase> <!-- m2 -->
</testsuite> <!-- login -->
